Reading pref.tcl

# 2020.2

# vsim -c tb_SimplifiedMIPSProcessor -do "modelsim_framework2.do" 
# Start time: 18:30:59 on Nov 04,2020
# ** Note: (vsim-3812) Design is being optimized...
# //  ModelSim SE-64 2020.2 Apr 19 2020
# //
# //  Copyright 1991-2020 Mentor Graphics Corporation
# //  All Rights Reserved.
# //
# //  ModelSim SE-64 and its associated documentation contain trade
# //  secrets and commercial or financial information that are the property of
# //  Mentor Graphics Corporation and are privileged, confidential,
# //  and exempt from disclosure under the Freedom of Information Act,
# //  5 U.S.C. Section 552. Furthermore, this information
# //  is prohibited from disclosure under the Trade Secrets Act,
# //  18 U.S.C. Section 1905.
# //
# Loading std.standard
# Loading std.textio(body)
# Loading ieee.std_logic_1164(body)
# Loading ieee.std_logic_textio(body)
# Loading std.env(body)
# Loading work.tb_simplifiedmipsprocessor(mixed)#1
# Loading ieee.numeric_std(body)
# Loading work.mips_processor(structure)#1
# Loading ieee.std_logic_arith(body)
# Loading ieee.std_logic_unsigned(body)
# Loading work.nbitstruct_fulladder(structure)#1
# Loading work.n_bit_2_1_mux(structure)#1
# Loading work.singlecycleprocessorcontrol(mixed)#1
# Loading work.reg_package(body)
# Loading work.register_file(structure)#1
# Loading work.nbit_alu(mixed)#1
# Loading work.barrel_shifter(structure)#1
# do modelsim_framework2.do
# ** Warning: NUMERIC_STD.TO_INTEGER: metavalue detected, returning 0
#    Time: 0 ns  Iteration: 0  Instance: /tb_simplifiedmipsprocessor/MySimplifiedMIPSProcess/DMem
# ** Warning: NUMERIC_STD.TO_INTEGER: metavalue detected, returning 0
#    Time: 0 ns  Iteration: 0  Instance: /tb_simplifiedmipsprocessor/MySimplifiedMIPSProcess/IMem
# ** Warning: NUMERIC_STD.TO_INTEGER: metavalue detected, returning 0
#    Time: 180 ns  Iteration: 21  Instance: /tb_simplifiedmipsprocessor/MySimplifiedMIPSProcess/DMem
# ** Warning: NUMERIC_STD.TO_INTEGER: metavalue detected, returning 0
#    Time: 180 ns  Iteration: 23  Instance: /tb_simplifiedmipsprocessor/MySimplifiedMIPSProcess/DMem
# ** Note: Data structure takes 18630432 bytes of memory
#          Process time 0.25 seconds
#          stop
#    Time: 5700 ns  Iteration: 1  Instance: /tb_simplifiedmipsprocessor
# Break in Process P_DUMP_STATE at U:/cpre381/Proj-A/cpre381_proja/ProjB/Part1/cpre381-toolflow-release/ModelSimWork/src/tb_SimplifiedMIPSProcessor.vhd line 140
# Stopped at U:/cpre381/Proj-A/cpre381_proja/ProjB/Part1/cpre381-toolflow-release/ModelSimWork/src/tb_SimplifiedMIPSProcessor.vhd line 140
# End time: 18:31:08 on Nov 04,2020, Elapsed time: 0:00:09
# Errors: 0, Warnings: 4
