Model Technology ModelSim SE-64 vcom 2020.2 Compiler 2020.04 Apr 19 2020
Start time: 12:40:50 on Nov 24,2020
vcom -2008 -work ModelSimWork/work ModelSimWork/src/*.vhd 
-- Loading package STANDARD
-- Loading package TEXTIO
-- Loading package std_logic_1164
-- Compiling entity two_one_MUX
-- Compiling architecture structure of two_one_MUX
-- Compiling package reg_package
-- Compiling package body reg_package
-- Loading package reg_package
-- Compiling entity ALU_W_Barrel
-- Compiling architecture structure of ALU_W_Barrel
-- Compiling entity andg2
-- Compiling architecture dataflow of andg2
-- Compiling entity Barrel_Shifter
-- Compiling architecture structure of Barrel_Shifter
-- Compiling entity comparator
-- Compiling architecture behavior of comparator
-- Compiling entity decoder_5_32
-- Compiling architecture dataflow of decoder_5_32
-- Compiling entity dff
-- Compiling architecture mixed of dff
-- Compiling entity extender_16_32
-- Compiling architecture dataflow of extender_16_32
-- Compiling entity ex_memRegister
-- Compiling architecture structure of ex_memRegister
-- Compiling entity Full_Adder
-- Compiling architecture structure of Full_Adder
-- Compiling entity id_exRegister
-- Compiling architecture structure of id_exRegister
-- Compiling entity if_idRegister
-- Compiling architecture structure of if_idRegister
-- Compiling entity invg
-- Compiling architecture dataflow of invg
-- Loading package NUMERIC_STD
-- Compiling entity mem
-- Compiling architecture rtl of mem
-- Compiling entity mem_wbRegister
-- Compiling architecture structure of mem_wbRegister
-- Compiling entity MIPS_Processor
-- Compiling architecture structure of MIPS_Processor
-- Compiling entity Mux_32_1
-- Compiling architecture dataflow of Mux_32_1
-- Compiling entity nbit_mux_dataflow
-- Compiling architecture dataflow of nbit_mux_dataflow
-- Loading package std_logic_arith
-- Loading package STD_LOGIC_UNSIGNED
-- Compiling entity NBitstruct_FullAdder
-- Compiling architecture structure of NBitstruct_FullAdder
-- Compiling entity NBit_ALU
-- Compiling architecture mixed of NBit_ALU
-- Compiling entity Nbit_dff
-- Compiling architecture mixed of Nbit_dff
-- Compiling entity Nbit_dff_Register_File
-- Compiling architecture mixed of Nbit_dff_Register_File
-- Compiling entity norG
-- Compiling architecture dataflow of norG
-- Compiling entity N_bit_2_1_MUX
-- Compiling architecture structure of N_bit_2_1_MUX
-- Compiling entity onebitdff
-- Compiling architecture mixed of onebitdff
-- Compiling entity OnebitMux
-- Compiling architecture structure of OnebitMux
-- Compiling entity OnesBit_ALU
-- Compiling architecture mixed of OnesBit_ALU
-- Compiling entity OnesBit_ALU32
-- Compiling architecture mixed of OnesBit_ALU32
-- Compiling entity ones_compliment
-- Compiling architecture structure of ones_compliment
-- Compiling entity org2
-- Compiling architecture dataflow of org2
-- Compiling entity PipelineTB
-- Compiling architecture structure of PipelineTB
-- Compiling entity ProgramCounter
-- Compiling architecture mixed of ProgramCounter
-- Loading package reg_package
-- Compiling entity Register_File
-- Compiling architecture structure of Register_File
-- Compiling entity Ripple_Adder
-- Compiling architecture structure of Ripple_Adder
-- Compiling entity ShiftL_2
-- Compiling architecture dataflow of ShiftL_2
-- Compiling entity SingleCycleProcessorControl
-- Compiling architecture mixed of SingleCycleProcessorControl
-- Compiling entity struct_FullAdder
-- Compiling architecture structure of struct_FullAdder
-- Loading package std_logic_textio
-- Loading package ENV
-- Compiling entity tb_SimplifiedMIPSProcessor
-- Compiling architecture mixed of tb_SimplifiedMIPSProcessor
-- Compiling entity xorg2
-- Compiling architecture dataflow of xorg2
End time: 12:40:51 on Nov 24,2020, Elapsed time: 0:00:01
Errors: 0, Warnings: 0
