Reading pref.tcl

# 2020.2

# vsim -c tb_SimplifiedMIPSProcessor -do "modelsim_framework2.do" 
# Start time: 12:40:54 on Nov 24,2020
# ** Note: (vsim-3812) Design is being optimized...
# //  ModelSim SE-64 2020.2 Apr 19 2020
# //
# //  Copyright 1991-2020 Mentor Graphics Corporation
# //  All Rights Reserved.
# //
# //  ModelSim SE-64 and its associated documentation contain trade
# //  secrets and commercial or financial information that are the property of
# //  Mentor Graphics Corporation and are privileged, confidential,
# //  and exempt from disclosure under the Freedom of Information Act,
# //  5 U.S.C. Section 552. Furthermore, this information
# //  is prohibited from disclosure under the Trade Secrets Act,
# //  18 U.S.C. Section 1905.
# //
# Loading std.standard
# Loading std.textio(body)
# Loading ieee.std_logic_1164(body)
# Loading ieee.std_logic_textio(body)
# Loading std.env(body)
# Loading work.tb_simplifiedmipsprocessor(mixed)#1
# Loading ieee.numeric_std(body)
# Loading work.mips_processor(structure)#1
# Loading work.n_bit_2_1_mux(structure)#1
# Loading ieee.std_logic_arith(body)
# Loading ieee.std_logic_unsigned(body)
# Loading work.nbitstruct_fulladder(structure)#1
# Loading work.singlecycleprocessorcontrol(mixed)#1
# Loading work.reg_package(body)
# Loading work.register_file(structure)#1
# Loading work.id_exregister(structure)#1
# Loading work.nbit_alu(mixed)#1
# Loading work.barrel_shifter(structure)#1
# Loading work.n_bit_2_1_mux(structure)#2
# do modelsim_framework2.do
# ** Warning: NUMERIC_STD.TO_INTEGER: metavalue detected, returning 0
#    Time: 0 ns  Iteration: 0  Instance: /tb_simplifiedmipsprocessor/MySimplifiedMIPSProcess/DMem
# ** Warning: NUMERIC_STD.TO_INTEGER: metavalue detected, returning 0
#    Time: 0 ns  Iteration: 0  Instance: /tb_simplifiedmipsprocessor/MySimplifiedMIPSProcess/IMem
# ** Note: Data structure takes 18905552 bytes of memory
#          Process time 0.14 seconds
#          stop
#    Time: 1260 ns  Iteration: 1  Instance: /tb_simplifiedmipsprocessor
# Break in Process P_DUMP_STATE at U:/CPRE309/Proj-1/cpre381_proja/ProjC/cpre381-toolflow-release/ModelSimWork/src/tb_SimplifiedMIPSProcessor.vhd line 140
# Stopped at U:/CPRE309/Proj-1/cpre381_proja/ProjC/cpre381-toolflow-release/ModelSimWork/src/tb_SimplifiedMIPSProcessor.vhd line 140
# End time: 12:41:04 on Nov 24,2020, Elapsed time: 0:00:10
# Errors: 0, Warnings: 2
